\BOOKMARK [1][-]{section*.4}{Introduction}{}% 1
\BOOKMARK [1][-]{section.1}{Future of shipping}{}% 2
\BOOKMARK [2][-]{subsection.1.1}{Steps to be taken}{section.1}% 3
\BOOKMARK [2][-]{subsection.1.2}{Current industry projects}{section.1}% 4
\BOOKMARK [1][-]{section.2}{Knowledge of the crew}{}% 5
\BOOKMARK [2][-]{subsection.2.1}{Situation Awareness}{section.2}% 6
\BOOKMARK [2][-]{subsection.2.2}{Decision making and behaviour}{section.2}% 7
\BOOKMARK [3][-]{subsubsection.2.2.1}{Normal situation}{subsection.2.2}% 8
\BOOKMARK [3][-]{subsubsection.2.2.2}{Under stress}{subsection.2.2}% 9
\BOOKMARK [2][-]{subsection.2.3}{Mental models}{section.2}% 10
\BOOKMARK [3][-]{subsubsection.2.3.1}{Theories}{subsection.2.3}% 11
\BOOKMARK [3][-]{subsubsection.2.3.2}{Questions by crew}{subsection.2.3}% 12
\BOOKMARK [1][-]{section.3}{The bridge}{}% 13
\BOOKMARK [2][-]{subsection.3.1}{Bridge elements}{section.3}% 14
\BOOKMARK [2][-]{subsection.3.2}{Instruments and equipment}{section.3}% 15
\BOOKMARK [2][-]{subsection.3.3}{History of bridge design}{section.3}% 16
\BOOKMARK [2][-]{subsection.3.4}{Future of bridge design}{section.3}% 17
\BOOKMARK [3][-]{subsubsection.3.4.1}{Concept designs}{subsection.3.4}% 18
\BOOKMARK [3][-]{subsubsection.3.4.2}{Research projects}{subsection.3.4}% 19
\BOOKMARK [3][-]{subsubsection.3.4.3}{Suppliers}{subsection.3.4}% 20
\BOOKMARK [2][-]{subsection.3.5}{Manoeuvring display}{section.3}% 21
\BOOKMARK [2][-]{subsection.3.6}{Information overload}{section.3}% 22
\BOOKMARK [2][-]{subsection.3.7}{Bridge design}{section.3}% 23
\BOOKMARK [2][-]{subsection.3.8}{User interface}{section.3}% 24
\BOOKMARK [2][-]{subsection.3.9}{Processable information}{section.3}% 25
\BOOKMARK [1][-]{section.4}{Model}{}% 26
\BOOKMARK [2][-]{subsection.4.1}{Physical models}{section.4}% 27
\BOOKMARK [3][-]{subsubsection.4.1.1}{Manoeuvrability}{subsection.4.1}% 28
\BOOKMARK [3][-]{subsubsection.4.1.2}{Environmental forces}{subsection.4.1}% 29
\BOOKMARK [2][-]{subsection.4.2}{Route planning}{section.4}% 30
\BOOKMARK [2][-]{subsection.4.3}{Cost function}{section.4}% 31
\BOOKMARK [2][-]{subsection.4.4}{Monitoring}{section.4}% 32
\BOOKMARK [3][-]{subsubsection.4.4.1}{Environment}{subsection.4.4}% 33
\BOOKMARK [3][-]{subsubsection.4.4.2}{Ship}{subsection.4.4}% 34
\BOOKMARK [1][-]{section*.27}{Conclusion}{}% 35
\BOOKMARK [1][-]{section*.29}{References}{}% 36
