\BOOKMARK [1][-]{section*.4}{Introduction}{}% 1
\BOOKMARK [1][-]{section.1}{Future of shipping}{}% 2
\BOOKMARK [2][-]{subsection.1.1}{Steps to be taken}{section.1}% 3
\BOOKMARK [2][-]{subsection.1.2}{Current industry projects}{section.1}% 4
\BOOKMARK [1][-]{section.2}{Knowledge of the crew}{}% 5
\BOOKMARK [2][-]{subsection.2.1}{Situation Awareness}{section.2}% 6
\BOOKMARK [2][-]{subsection.2.2}{Decision making and behaviour}{section.2}% 7
\BOOKMARK [3][-]{subsubsection.2.2.1}{Normal situation}{subsection.2.2}% 8
\BOOKMARK [3][-]{subsubsection.2.2.2}{Under stress}{subsection.2.2}% 9
\BOOKMARK [2][-]{subsection.2.3}{Mental models}{section.2}% 10
\BOOKMARK [3][-]{subsubsection.2.3.1}{Theories}{subsection.2.3}% 11
\BOOKMARK [3][-]{subsubsection.2.3.2}{Questions by crew}{subsection.2.3}% 12
\BOOKMARK [1][-]{section.3}{Model}{}% 13
\BOOKMARK [2][-]{subsection.3.1}{Physical models}{section.3}% 14
\BOOKMARK [3][-]{subsubsection.3.1.1}{Manoeuvrability}{subsection.3.1}% 15
\BOOKMARK [3][-]{subsubsection.3.1.2}{Environmental forces}{subsection.3.1}% 16
\BOOKMARK [2][-]{subsection.3.2}{Route planning}{section.3}% 17
\BOOKMARK [2][-]{subsection.3.3}{Cost function}{section.3}% 18
\BOOKMARK [2][-]{subsection.3.4}{Monitoring}{section.3}% 19
\BOOKMARK [3][-]{subsubsection.3.4.1}{Environment}{subsection.3.4}% 20
\BOOKMARK [3][-]{subsubsection.3.4.2}{Ship}{subsection.3.4}% 21
\BOOKMARK [1][-]{section.4}{Tool}{}% 22
\BOOKMARK [2][-]{subsection.4.1}{Bridge design}{section.4}% 23
\BOOKMARK [2][-]{subsection.4.2}{User interface}{section.4}% 24
\BOOKMARK [2][-]{subsection.4.3}{Processable information}{section.4}% 25
\BOOKMARK [1][-]{section*.12}{Conclusion}{}% 26
\BOOKMARK [1][-]{section*.13}{References}{}% 27
