\BOOKMARK [0][-]{chapter*.2}{Preface}{}% 1
\BOOKMARK [0][-]{chapter*.3}{Abstract}{}% 2
\BOOKMARK [0][-]{chapter*.4}{Glossary}{}% 3
\BOOKMARK [0][-]{chapter.1}{Introduction}{}% 4
\BOOKMARK [1][-]{section.1.1}{Research background}{chapter.1}% 5
\BOOKMARK [1][-]{section.1.2}{Problem statement}{chapter.1}% 6
\BOOKMARK [1][-]{section.1.3}{Research questions}{chapter.1}% 7
\BOOKMARK [1][-]{section.1.4}{Scope}{chapter.1}% 8
\BOOKMARK [1][-]{section.1.5}{Thesis structure}{chapter.1}% 9
\BOOKMARK [0][-]{chapter.2}{Current knowledge}{}% 10
\BOOKMARK [1][-]{section.2.1}{Accidents}{chapter.2}% 11
\BOOKMARK [1][-]{section.2.2}{Current projects}{chapter.2}% 12
\BOOKMARK [1][-]{section.2.3}{Shipping crew}{chapter.2}% 13
\BOOKMARK [-1][-]{part.1}{I Maritime Technology}{}% 14
\BOOKMARK [0][-]{chapter.3}{Manoeuvring capability}{part.1}% 15
\BOOKMARK [1][-]{section.3.1}{Input}{chapter.3}% 16
\BOOKMARK [1][-]{section.3.2}{Limits}{chapter.3}% 17
\BOOKMARK [1][-]{section.3.3}{Desired capability}{chapter.3}% 18
\BOOKMARK [1][-]{section.3.4}{Expected route}{chapter.3}% 19
\BOOKMARK [0][-]{chapter.4}{Filter situation}{part.1}% 20
\BOOKMARK [1][-]{section.4.1}{Traffic separation schemes}{chapter.4}% 21
\BOOKMARK [1][-]{section.4.2}{Navigational aids}{chapter.4}% 22
\BOOKMARK [1][-]{section.4.3}{Accepted probabilities}{chapter.4}% 23
\BOOKMARK [0][-]{chapter.5}{Safe motion parameters}{part.1}% 24
\BOOKMARK [1][-]{section.5.1}{Regulations}{chapter.5}% 25
\BOOKMARK [1][-]{section.5.2}{Well-clear}{chapter.5}% 26
\BOOKMARK [1][-]{section.5.3}{Visualization}{chapter.5}% 27
\BOOKMARK [0][-]{chapter.6}{Probability index}{part.1}% 28
\BOOKMARK [1][-]{section.6.1}{Input}{chapter.6}% 29
\BOOKMARK [1][-]{section.6.2}{Map for other vessels}{chapter.6}% 30
\BOOKMARK [1][-]{section.6.3}{Predicted capability envelope}{chapter.6}% 31
\BOOKMARK [0][-]{chapter.7}{Visualization}{part.1}% 32
\BOOKMARK [1][-]{section.7.1}{Determine closes point of approach}{chapter.7}% 33
\BOOKMARK [1][-]{section.7.2}{Hazards}{chapter.7}% 34
\BOOKMARK [1][-]{section.7.3}{Routeplanner}{chapter.7}% 35
\BOOKMARK [-1][-]{part.2}{II Computer Science}{}% 36
\BOOKMARK [0][-]{chapter.8}{Information at the bridge}{part.2}% 37
\BOOKMARK [1][-]{section.8.1}{Instruments}{chapter.8}% 38
\BOOKMARK [1][-]{section.8.2}{Parameters}{chapter.8}% 39
\BOOKMARK [1][-]{section.8.3}{Usage}{chapter.8}% 40
\BOOKMARK [0][-]{chapter.9}{Communication}{part.2}% 41
\BOOKMARK [1][-]{section.9.1}{Systems for communication}{chapter.9}% 42
\BOOKMARK [1][-]{section.9.2}{Protocols}{chapter.9}% 43
\BOOKMARK [1][-]{section.9.3}{In practice}{chapter.9}% 44
\BOOKMARK [0][-]{chapter.10}{Mental model}{part.2}% 45
\BOOKMARK [1][-]{section.10.1}{Situational awareness}{chapter.10}% 46
\BOOKMARK [1][-]{section.10.2}{Shared between ships}{chapter.10}% 47
\BOOKMARK [1][-]{section.10.3}{Master and crew}{chapter.10}% 48
\BOOKMARK [0][-]{chapter.11}{Possible decisions}{part.2}% 49
\BOOKMARK [1][-]{section.11.1}{Considerations}{chapter.11}% 50
\BOOKMARK [1][-]{section.11.2}{Test with seafarers}{chapter.11}% 51
\BOOKMARK [-1][-]{part.3}{III Wrap-up}{}% 52
\BOOKMARK [0][-]{chapter.12}{Results}{part.3}% 53
\BOOKMARK [0][-]{chapter.13}{Conclusion}{part.3}% 54
\BOOKMARK [1][-]{section.13.1}{Answers to research questions}{chapter.13}% 55
\BOOKMARK [1][-]{section.13.2}{Recommendations for future research}{chapter.13}% 56
\BOOKMARK [0][-]{section.13.2}{Bibliography}{part.3}% 57
