\BOOKMARK [0][-]{chapter*.3}{Preface}{}% 1
\BOOKMARK [0][-]{chapter*.4}{Abstract}{}% 2
\BOOKMARK [0][-]{chapter*.5}{Glossary}{}% 3
\BOOKMARK [0][-]{chapter*.7}{Introduction}{}% 4
\BOOKMARK [-1][-]{part.1}{I The path towards autonomous shipping}{}% 5
\BOOKMARK [0][-]{chapter.1}{Accidents}{part.1}% 6
\BOOKMARK [1][-]{section.1.1}{MV AL ORAIQ and MV FLINTERSTAR}{chapter.1}% 7
\BOOKMARK [1][-]{section.1.2}{USS FITZGERALD and MV ACX CRYSTAL}{chapter.1}% 8
\BOOKMARK [1][-]{section.1.3}{USS JOHN S MCCAIN and MV ALNIC MC}{chapter.1}% 9
\BOOKMARK [1][-]{section.1.4}{MV CONTI PERIDOT and MV CARLA MAERSK}{chapter.1}% 10
\BOOKMARK [1][-]{section.1.5}{Lessons learned}{chapter.1}% 11
\BOOKMARK [0][-]{chapter.2}{Systems to improve safety}{part.1}% 12
\BOOKMARK [1][-]{section.2.1}{Means of communication}{chapter.2}% 13
\BOOKMARK [1][-]{section.2.2}{The bridge}{chapter.2}% 14
\BOOKMARK [0][-]{chapter.3}{Steps towards the future}{part.1}% 15
\BOOKMARK [1][-]{section.3.1}{Why autonomous and unmanned shipping}{chapter.3}% 16
\BOOKMARK [1][-]{section.3.2}{Projects}{chapter.3}% 17
\BOOKMARK [1][-]{section.3.3}{Other stakeholders}{chapter.3}% 18
\BOOKMARK [1][-]{section.3.4}{Possible use cases}{chapter.3}% 19
\BOOKMARK [1][-]{section.3.5}{Changes in communication}{chapter.3}% 20
\BOOKMARK [1][-]{section.3.6}{Challenges when combining unmanned and manned vessel}{chapter.3}% 21
\BOOKMARK [-1][-]{part.2}{II Application for testing models}{}% 22
\BOOKMARK [0][-]{chapter.4}{Abstract model}{part.2}% 23
\BOOKMARK [1][-]{section.4.1}{Ship characteristics}{chapter.4}% 24
\BOOKMARK [1][-]{section.4.2}{Influencing factors}{chapter.4}% 25
\BOOKMARK [1][-]{section.4.3}{Information and communication}{chapter.4}% 26
\BOOKMARK [1][-]{section.4.4}{Situational awareness}{chapter.4}% 27
\BOOKMARK [0][-]{chapter.5}{Basic design}{part.2}% 28
\BOOKMARK [1][-]{section.5.1}{Requirements}{chapter.5}% 29
\BOOKMARK [1][-]{section.5.2}{User stories}{chapter.5}% 30
\BOOKMARK [1][-]{section.5.3}{User interactions}{chapter.5}% 31
\BOOKMARK [1][-]{section.5.4}{Assumptions}{chapter.5}% 32
\BOOKMARK [0][-]{chapter.6}{Application design}{part.2}% 33
\BOOKMARK [1][-]{section.6.1}{Design patterns}{chapter.6}% 34
\BOOKMARK [1][-]{section.6.2}{Model and classes}{chapter.6}% 35
\BOOKMARK [1][-]{section.6.3}{Methods}{chapter.6}% 36
\BOOKMARK [-1][-]{part.3}{III Time-domain model for decision making}{}% 37
\BOOKMARK [0][-]{chapter.7}{Simulation}{part.3}% 38
\BOOKMARK [1][-]{section.7.1}{Manoeuvring capability model}{chapter.7}% 39
\BOOKMARK [1][-]{section.7.2}{Probability index}{chapter.7}% 40
\BOOKMARK [1][-]{section.7.3}{Routeplanner}{chapter.7}% 41
\BOOKMARK [1][-]{section.7.4}{Estimation of characteristics}{chapter.7}% 42
\BOOKMARK [0][-]{chapter.8}{Scenario's}{part.3}% 43
\BOOKMARK [1][-]{section.8.1}{Standard situations}{chapter.8}% 44
\BOOKMARK [1][-]{section.8.2}{Real scenarios}{chapter.8}% 45
\BOOKMARK [0][-]{chapter.9}{Strategies}{part.3}% 46
\BOOKMARK [0][-]{chapter.10}{Validation}{part.3}% 47
\BOOKMARK [1][-]{section.10.1}{Are strategies realistic}{chapter.10}% 48
\BOOKMARK [1][-]{section.10.2}{Factors not taken into account}{chapter.10}% 49
\BOOKMARK [1][-]{section.10.3}{EXTEND: with more sections}{chapter.10}% 50
\BOOKMARK [0][-]{chapter.11}{General lessons}{part.3}% 51
\BOOKMARK [-1][-]{part.4}{IV Variations on shared information}{}% 52
\BOOKMARK [0][-]{chapter.12}{Simulation}{part.4}% 53
\BOOKMARK [1][-]{section.12.1}{Mental model}{chapter.12}% 54
\BOOKMARK [0][-]{chapter.13}{Scenarios}{part.4}% 55
\BOOKMARK [0][-]{chapter.14}{Strategies}{part.4}% 56
\BOOKMARK [0][-]{chapter.15}{Reality}{part.4}% 57
\BOOKMARK [1][-]{section.15.1}{Clear intentions}{chapter.15}% 58
\BOOKMARK [1][-]{section.15.2}{Risk of information overload}{chapter.15}% 59
\BOOKMARK [1][-]{section.15.3}{Desired input}{chapter.15}% 60
\BOOKMARK [0][-]{chapter.16}{General lessons}{part.4}% 61
\BOOKMARK [1][-]{section.16.1}{Safe motion parameters}{chapter.16}% 62
\BOOKMARK [1][-]{section.16.2}{EXTEND: with more sections}{chapter.16}% 63
\BOOKMARK [-1][-]{part.5}{V Wrap-up}{}% 64
\BOOKMARK [0][-]{chapter.17}{Results}{part.5}% 65
\BOOKMARK [0][-]{chapter.18}{Conclusion}{part.5}% 66
\BOOKMARK [1][-]{section.18.1}{Answers to research questions}{chapter.18}% 67
\BOOKMARK [1][-]{section.18.2}{Recommendations for future research}{chapter.18}% 68
\BOOKMARK [-1][-]{part.6}{VI TEMPORARY: Old text}{}% 69
\BOOKMARK [0][-]{section*.52}{Bibliography}{part.6}% 70
